# JRE version: OpenJDK Runtime Environment (8.0_212-b04) (build 1.8.0_212-release-1586-b04)
# Java VM: OpenJDK 64-Bit Server VM (25.212-b04 mixed mode windows-amd64 compressed oops)
Heap:
 PSYoungGen      total 477184K, used 193809K [0x00000000e0000000, 0x0000000100000000, 0x0000000100000000)
  eden space 444928K, 36% used [0x00000000e0000000,0x00000000e9e28218,0x00000000fb280000)
  from space 32256K, 98% used [0x00000000fb280000,0x00000000fd19c350,0x00000000fd200000)
  to   space 41984K, 0% used [0x00000000fd700000,0x00000000fd700000,0x0000000100000000)
 ParOldGen       total 200704K, used 61031K [0x00000000a0000000, 0x00000000ac400000, 0x00000000e0000000)
  object space 200704K, 30% used [0x00000000a0000000,0x00000000a3b99db0,0x00000000ac400000)
 Metaspace       used 105976K, capacity 111738K, committed 111872K, reserved 1146880K
  class space    used 13634K, capacity 14743K, committed 14848K, reserved 1048576K
GC Heap History (10 events):
Event: 3292.885 GC heap before
{Heap before GC invocations=15 (full 3):
 PSYoungGen      total 488448K, used 448673K [0x00000000e0000000, 0x0000000100000000, 0x0000000100000000)
  eden space 457728K, 91% used [0x00000000e0000000,0x00000000f982b0e8,0x00000000fbf00000)
  from space 30720K, 99% used [0x00000000fbf00000,0x00000000fdcfd3d8,0x00000000fdd00000)
  to   space 35840K, 0% used [0x00000000fdd00000,0x00000000fdd00000,0x0000000100000000)
 ParOldGen       total 131584K, used 39467K [0x00000000a0000000, 0x00000000a8080000, 0x00000000e0000000)
  object space 131584K, 29% used [0x00000000a0000000,0x00000000a268add8,0x00000000a8080000)
 Metaspace       used 93610K, capacity 98502K, committed 98560K, reserved 1134592K
  class space    used 12094K, capacity 13146K, committed 13184K, reserved 1048576K
Event: 3292.921 GC heap after
Heap after GC invocations=15 (full 3):
 PSYoungGen      total 482304K, used 28170K [0x00000000e0000000, 0x0000000100000000, 0x0000000100000000)
  eden space 446464K, 0% used [0x00000000e0000000,0x00000000e0000000,0x00000000fb400000)
  from space 35840K, 78% used [0x00000000fdd00000,0x00000000ff8828e8,0x0000000100000000)
  to   space 38912K, 0% used [0x00000000fb400000,0x00000000fb400000,0x00000000fda00000)
 ParOldGen       total 131584K, used 53256K [0x00000000a0000000, 0x00000000a8080000, 0x00000000e0000000)
  object space 131584K, 40% used [0x00000000a0000000,0x00000000a3402318,0x00000000a8080000)
 Metaspace       used 93610K, capacity 98502K, committed 98560K, reserved 1134592K
  class space    used 12094K, capacity 13146K, committed 13184K, reserved 1048576K
}
Event: 3292.921 GC heap before
{Heap before GC invocations=16 (full 4):
 PSYoungGen      total 482304K, used 28170K [0x00000000e0000000, 0x0000000100000000, 0x0000000100000000)
  eden space 446464K, 0% used [0x00000000e0000000,0x00000000e0000000,0x00000000fb400000)
  from space 35840K, 78% used [0x00000000fdd00000,0x00000000ff8828e8,0x0000000100000000)
  to   space 38912K, 0% used [0x00000000fb400000,0x00000000fb400000,0x00000000fda00000)
 ParOldGen       total 131584K, used 53256K [0x00000000a0000000, 0x00000000a8080000, 0x00000000e0000000)
  object space 131584K, 40% used [0x00000000a0000000,0x00000000a3402318,0x00000000a8080000)
 Metaspace       used 93610K, capacity 98502K, committed 98560K, reserved 1134592K
  class space    used 12094K, capacity 13146K, committed 13184K, reserved 1048576K
Event: 3293.258 GC heap after
Heap after GC invocations=16 (full 4):
 PSYoungGen      total 482304K, used 0K [0x00000000e0000000, 0x0000000100000000, 0x0000000100000000)
  eden space 446464K, 0% used [0x00000000e0000000,0x00000000e0000000,0x00000000fb400000)
  from space 35840K, 0% used [0x00000000fdd00000,0x00000000fdd00000,0x0000000100000000)
  to   space 38912K, 0% used [0x00000000fb400000,0x00000000fb400000,0x00000000fda00000)
 ParOldGen       total 200704K, used 60999K [0x00000000a0000000, 0x00000000ac400000, 0x00000000e0000000)
  object space 200704K, 30% used [0x00000000a0000000,0x00000000a3b91db0,0x00000000ac400000)
 Metaspace       used 92900K, capacity 96604K, committed 98560K, reserved 1134592K
  class space    used 11878K, capacity 12730K, committed 13184K, reserved 1048576K
}
Event: 3296.012 GC heap before
{Heap before GC invocations=17 (full 4):
 PSYoungGen      total 482304K, used 446464K [0x00000000e0000000, 0x0000000100000000, 0x0000000100000000)
  eden space 446464K, 100% used [0x00000000e0000000,0x00000000fb400000,0x00000000fb400000)
  from space 35840K, 0% used [0x00000000fdd00000,0x00000000fdd00000,0x0000000100000000)
  to   space 38912K, 0% used [0x00000000fb400000,0x00000000fb400000,0x00000000fda00000)
 ParOldGen       total 200704K, used 60999K [0x00000000a0000000, 0x00000000ac400000, 0x00000000e0000000)
  object space 200704K, 30% used [0x00000000a0000000,0x00000000a3b91db0,0x00000000ac400000)
 Metaspace       used 103735K, capacity 109206K, committed 109312K, reserved 1144832K
  class space    used 13441K, capacity 14521K, committed 14592K, reserved 1048576K
Event: 3296.039 GC heap after
Heap after GC invocations=17 (full 4):
 PSYoungGen      total 474112K, used 27230K [0x00000000e0000000, 0x0000000100000000, 0x0000000100000000)
  eden space 446464K, 0% used [0x00000000e0000000,0x00000000e0000000,0x00000000fb400000)
  from space 27648K, 98% used [0x00000000fb400000,0x00000000fce97890,0x00000000fcf00000)
  to   space 40448K, 0% used [0x00000000fd880000,0x00000000fd880000,0x0000000100000000)
 ParOldGen       total 200704K, used 61015K [0x00000000a0000000, 0x00000000ac400000, 0x00000000e0000000)
  object space 200704K, 30% used [0x00000000a0000000,0x00000000a3b95db0,0x00000000ac400000)
 Metaspace       used 103735K, capacity 109206K, committed 109312K, reserved 1144832K
  class space    used 13441K, capacity 14521K, committed 14592K, reserved 1048576K
}
Event: 3297.476 GC heap before
{Heap before GC invocations=18 (full 4):
 PSYoungGen      total 474112K, used 473694K [0x00000000e0000000, 0x0000000100000000, 0x0000000100000000)
  eden space 446464K, 100% used [0x00000000e0000000,0x00000000fb400000,0x00000000fb400000)
  from space 27648K, 98% used [0x00000000fb400000,0x00000000fce97890,0x00000000fcf00000)
  to   space 40448K, 0% used [0x00000000fd880000,0x00000000fd880000,0x0000000100000000)
 ParOldGen       total 200704K, used 61015K [0x00000000a0000000, 0x00000000ac400000, 0x00000000e0000000)
  object space 200704K, 30% used [0x00000000a0000000,0x00000000a3b95db0,0x00000000ac400000)
 Metaspace       used 104362K, capacity 109954K, committed 110208K, reserved 1144832K
  class space    used 13457K, capacity 14559K, committed 14720K, reserved 1048576K
Event: 3297.496 GC heap after
Heap after GC invocations=18 (full 4):
 PSYoungGen      total 485376K, used 19448K [0x00000000e0000000, 0x0000000100000000, 0x0000000100000000)
  eden space 444928K, 0% used [0x00000000e0000000,0x00000000e0000000,0x00000000fb280000)
  from space 40448K, 48% used [0x00000000fd880000,0x00000000feb7e028,0x0000000100000000)
  to   space 38912K, 0% used [0x00000000fb280000,0x00000000fb280000,0x00000000fd880000)
 ParOldGen       total 200704K, used 61023K [0x00000000a0000000, 0x00000000ac400000, 0x00000000e0000000)
  object space 200704K, 30% used [0x00000000a0000000,0x00000000a3b97db0,0x00000000ac400000)
 Metaspace       used 104362K, capacity 109954K, committed 110208K, reserved 1144832K
  class space    used 13457K, capacity 14559K, committed 14720K, reserved 1048576K
}
Event: 3299.679 GC heap before
{Heap before GC invocations=19 (full 4):
 PSYoungGen      total 485376K, used 464376K [0x00000000e0000000, 0x0000000100000000, 0x0000000100000000)
  eden space 444928K, 100% used [0x00000000e0000000,0x00000000fb280000,0x00000000fb280000)
  from space 40448K, 48% used [0x00000000fd880000,0x00000000feb7e028,0x0000000100000000)
  to   space 38912K, 0% used [0x00000000fb280000,0x00000000fb280000,0x00000000fd880000)
 ParOldGen       total 200704K, used 61023K [0x00000000a0000000, 0x00000000ac400000, 0x00000000e0000000)
  object space 200704K, 30% used [0x00000000a0000000,0x00000000a3b97db0,0x00000000ac400000)
 Metaspace       used 105344K, capacity 111044K, committed 111232K, reserved 1146880K
  class space    used 13544K, capacity 14662K, committed 14720K, reserved 1048576K
Event: 3299.710 GC heap after
Heap after GC invocations=19 (full 4):
 PSYoungGen      total 477184K, used 31856K [0x00000000e0000000, 0x0000000100000000, 0x0000000100000000)
  eden space 444928K, 0% used [0x00000000e0000000,0x00000000e0000000,0x00000000fb280000)
  from space 32256K, 98% used [0x00000000fb280000,0x00000000fd19c350,0x00000000fd200000)
  to   space 41984K, 0% used [0x00000000fd700000,0x00000000fd700000,0x0000000100000000)
 ParOldGen       total 200704K, used 61031K [0x00000000a0000000, 0x00000000ac400000, 0x00000000e0000000)
  object space 200704K, 30% used [0x00000000a0000000,0x00000000a3b99db0,0x00000000ac400000)
 Metaspace       used 105344K, capacity 111044K, committed 111232K, reserved 1146880K
  class space    used 13544K, capacity 14662K, committed 14720K, reserved 1048576K
}

